Using pre-set license
Built from '2020.3/staging' branch; Version is '2020.3.30f1 (1fb1bf06830e) revision 2077119'; Using compiler version '192528614'; Build Type 'Release'
OS: 'Windows 10  (10.0.19045) 64bit Core' Language: 'en' Physical Memory: 16313 MB
BatchMode: 1, IsHumanControllingUs: 0, StartBugReporterOnCrash: 0, Is64bit: 1, IsPro: 0

COMMAND LINE ARGUMENTS:
C:\Program Files\Unity\Hub\Editor\2020.3.30f1\Editor\Unity.exe
-adb2
-batchMode
-noUpm
-name
AssetImportWorker0
-projectPath
C:/Users/Ronan/Documents/GitHub/Space_Ships
-logFile
Logs/AssetImportWorker0.log
-srvPort
51921
Successfully changed project path to: C:/Users/Ronan/Documents/GitHub/Space_Ships
C:/Users/Ronan/Documents/GitHub/Space_Ships
Using Asset Import Pipeline V2.
Refreshing native plugins compatible for Editor in 40.94 ms, found 3 plugins.
Preloading 0 native plugins for Editor in 0.00 ms.
Initialize engine version: 2020.3.30f1 (1fb1bf06830e)
[Subsystems] Discovering subsystems at path C:/Program Files/Unity/Hub/Editor/2020.3.30f1/Editor/Data/Resources/UnitySubsystems
[Subsystems] Discovering subsystems at path C:/Users/Ronan/Documents/GitHub/Space_Ships/Assets
GfxDevice: creating device client; threaded=0
Direct3D:
    Version:  Direct3D 11.0 [level 11.1]
    Renderer: NVIDIA GeForce RTX 2060 SUPER (ID=0x1f06)
    Vendor:   
    VRAM:     8019 MB
    Driver:   31.0.15.3699
Initialize mono
Mono path[0] = 'C:/Program Files/Unity/Hub/Editor/2020.3.30f1/Editor/Data/Managed'
Mono path[1] = 'C:/Program Files/Unity/Hub/Editor/2020.3.30f1/Editor/Data/MonoBleedingEdge/lib/mono/unityjit'
Mono config path = 'C:/Program Files/Unity/Hub/Editor/2020.3.30f1/Editor/Data/MonoBleedingEdge/etc'
Using monoOptions --debugger-agent=transport=dt_socket,embedding=1,server=y,suspend=n,address=127.0.0.1:56856
Begin MonoManager ReloadAssembly
Registering precompiled unity dll's ...
Register platform support module: C:/Program Files/Unity/Hub/Editor/2020.3.30f1/Editor/Data/PlaybackEngines/WebGLSupport/UnityEditor.WebGL.Extensions.dll
Register platform support module: C:/Program Files/Unity/Hub/Editor/2020.3.30f1/Editor/Data/PlaybackEngines/WindowsStandaloneSupport/UnityEditor.WindowsStandalone.Extensions.dll
Registered in 0.002461 seconds.
Native extension for WindowsStandalone target not found
Native extension for WebGL target not found
Refreshing native plugins compatible for Editor in 40.21 ms, found 3 plugins.
Preloading 0 native plugins for Editor in 0.00 ms.
Mono: successfully reloaded assembly
- Completed reload, in  0.459 seconds
Domain Reload Profiling:
	ReloadAssembly (459ms)
		BeginReloadAssembly (54ms)
			ExecutionOrderSort (0ms)
			DisableScriptedObjects (0ms)
			BackupInstance (0ms)
			ReleaseScriptingObjects (0ms)
			CreateAndSetChildDomain (1ms)
		EndReloadAssembly (345ms)
			LoadAssemblies (52ms)
			RebuildTransferFunctionScriptingTraits (0ms)
			SetupTypeCache (114ms)
			ReleaseScriptCaches (0ms)
			RebuildScriptCaches (23ms)
			SetupLoadedEditorAssemblies (135ms)
				LogAssemblyErrors (0ms)
				InitializePlatformSupportModulesInManaged (4ms)
				SetLoadedEditorAssemblies (0ms)
				RefreshPlugins (40ms)
				BeforeProcessingInitializeOnLoad (10ms)
				ProcessInitializeOnLoadAttributes (61ms)
				ProcessInitializeOnLoadMethodAttributes (19ms)
				AfterProcessingInitializeOnLoad (0ms)
				EditorAssembliesLoaded (0ms)
			ExecutionOrderSort2 (0ms)
			AwakeInstancesAfterBackupRestoration (0ms)
Platform modules already initialized, skipping
Registering precompiled user dll's ...
Registered in 0.003051 seconds.
Begin MonoManager ReloadAssembly
Native extension for WindowsStandalone target not found
Native extension for WebGL target not found
Refreshing native plugins compatible for Editor in 40.25 ms, found 3 plugins.
Preloading 0 native plugins for Editor in 0.00 ms.
Mono: successfully reloaded assembly
- Completed reload, in  0.863 seconds
Domain Reload Profiling:
	ReloadAssembly (864ms)
		BeginReloadAssembly (126ms)
			ExecutionOrderSort (0ms)
			DisableScriptedObjects (3ms)
			BackupInstance (0ms)
			ReleaseScriptingObjects (0ms)
			CreateAndSetChildDomain (18ms)
		EndReloadAssembly (686ms)
			LoadAssemblies (83ms)
			RebuildTransferFunctionScriptingTraits (0ms)
			SetupTypeCache (217ms)
			ReleaseScriptCaches (1ms)
			RebuildScriptCaches (37ms)
			SetupLoadedEditorAssemblies (270ms)
				LogAssemblyErrors (0ms)
				InitializePlatformSupportModulesInManaged (4ms)
				SetLoadedEditorAssemblies (0ms)
				RefreshPlugins (40ms)
				BeforeProcessingInitializeOnLoad (66ms)
				ProcessInitializeOnLoadAttributes (141ms)
				ProcessInitializeOnLoadMethodAttributes (12ms)
				AfterProcessingInitializeOnLoad (7ms)
				EditorAssembliesLoaded (0ms)
			ExecutionOrderSort2 (0ms)
			AwakeInstancesAfterBackupRestoration (4ms)
Platform modules already initialized, skipping
========================================================================
Worker process is ready to serve import requests
Launched and connected shader compiler UnityShaderCompiler.exe after 0.04 seconds
Refreshing native plugins compatible for Editor in 0.56 ms, found 3 plugins.
Preloading 0 native plugins for Editor in 0.00 ms.
Unloading 2200 Unused Serialized files (Serialized files now loaded: 0)
System memory in use before: 96.2 MB.
System memory in use after: 96.3 MB.

Unloading 25 unused Assets to reduce memory usage. Loaded Objects now: 2637.
Total: 2.935800 ms (FindLiveObjects: 0.193600 ms CreateObjectMapping: 0.056300 ms MarkObjects: 2.606500 ms  DeleteObjects: 0.078600 ms)

AssetImportParameters requested are different than current active one (requested -> active):
  custom:framework-win-MediaFoundation: 216162199b28c13a410421893ffa2e32 -> 
  custom:video-decoder-ogg-theora: a1e56fd34408186e4bbccfd4996cb3dc -> 
  custom:container-muxer-webm: aa71ff27fc2769a1b78a27578f13a17b -> 
  custom:container-demuxer-webm: 4f35f7cbe854078d1ac9338744f61a02 -> 
  custom:container-demuxer-ogg: 62fdf1f143b41e24485cea50d1cbac27 -> 
  custom:video-encoder-webm-vp8: eb34c28f22e8b96e1ab97ce403110664 -> 
  custom:video-decoder-webm-vp8: 9c59270c3fd7afecdb556c50c9e8de78 -> 
  custom:audio-decoder-ogg-vorbis: bf7c407c2cedff20999df2af8eb42d56 -> 
  custom:audio-encoder-webm-vorbis: bf7c407c2cedff20999df2af8eb42d56 -> 
========================================================================
Received Import Request.
  path: Assets/Art/MainShip/Main Ship/Weapons/PNGs/AutoCannons.controller
  artifactKey: Guid(9c3a46e457bcacd43b432b88994b00be) Importer(815301076,1909f56bfc062723c751e8b465ee728b)
Start importing Assets/Art/MainShip/Main Ship/Weapons/PNGs/AutoCannons.controller using Guid(9c3a46e457bcacd43b432b88994b00be) Importer(815301076,1909f56bfc062723c751e8b465ee728b)  -> (artifact id: 'fdfbff68fcfdeeca1eaab4f8a27b0f34') in 0.034573 seconds 
========================================================================
Received Import Request.
  Time since last request: 20.452996 seconds.
  path: Assets/Prefabs/Weapons/AutoCannons.prefab
  artifactKey: Guid(43c1be71611ae96418ba2c62ccb923fb) Importer(815301076,1909f56bfc062723c751e8b465ee728b)
Start importing Assets/Prefabs/Weapons/AutoCannons.prefab using Guid(43c1be71611ae96418ba2c62ccb923fb) Importer(815301076,1909f56bfc062723c751e8b465ee728b)  -> (artifact id: 'dbdca342e8cebc994aa09dfc674c49a1') in 0.057167 seconds 
========================================================================
Received Import Request.
  Time since last request: 21.511994 seconds.
  path: Assets/Art/MainShip/Main Ship/Weapons/PNGs/AutoCannon.anim
  artifactKey: Guid(6d4ff49f970951e4bace263a42137534) Importer(815301076,1909f56bfc062723c751e8b465ee728b)
Start importing Assets/Art/MainShip/Main Ship/Weapons/PNGs/AutoCannon.anim using Guid(6d4ff49f970951e4bace263a42137534) Importer(815301076,1909f56bfc062723c751e8b465ee728b)  -> (artifact id: 'c2d9cd8f3b779be325454a3009ce21a6') in 0.004448 seconds 
========================================================================
Received Prepare
Registering precompiled user dll's ...
Registered in 0.003163 seconds.
Begin MonoManager ReloadAssembly
Native extension for WindowsStandalone target not found
Native extension for WebGL target not found
Refreshing native plugins compatible for Editor in 0.58 ms, found 3 plugins.
Preloading 0 native plugins for Editor in 0.00 ms.
Mono: successfully reloaded assembly
- Completed reload, in  0.766 seconds
Domain Reload Profiling:
	ReloadAssembly (766ms)
		BeginReloadAssembly (103ms)
			ExecutionOrderSort (0ms)
			DisableScriptedObjects (4ms)
			BackupInstance (0ms)
			ReleaseScriptingObjects (0ms)
			CreateAndSetChildDomain (30ms)
		EndReloadAssembly (613ms)
			LoadAssemblies (81ms)
			RebuildTransferFunctionScriptingTraits (0ms)
			SetupTypeCache (208ms)
			ReleaseScriptCaches (1ms)
			RebuildScriptCaches (33ms)
			SetupLoadedEditorAssemblies (225ms)
				LogAssemblyErrors (0ms)
				InitializePlatformSupportModulesInManaged (4ms)
				SetLoadedEditorAssemblies (0ms)
				RefreshPlugins (1ms)
				BeforeProcessingInitializeOnLoad (72ms)
				ProcessInitializeOnLoadAttributes (133ms)
				ProcessInitializeOnLoadMethodAttributes (8ms)
				AfterProcessingInitializeOnLoad (7ms)
				EditorAssembliesLoaded (0ms)
			ExecutionOrderSort2 (0ms)
			AwakeInstancesAfterBackupRestoration (6ms)
Platform modules already initialized, skipping
Refreshing native plugins compatible for Editor in 0.56 ms, found 3 plugins.
Preloading 0 native plugins for Editor in 0.00 ms.
Unloading 2189 Unused Serialized files (Serialized files now loaded: 0)
System memory in use before: 98.5 MB.
System memory in use after: 98.7 MB.

Unloading 14 unused Assets to reduce memory usage. Loaded Objects now: 2646.
Total: 2.891700 ms (FindLiveObjects: 0.195900 ms CreateObjectMapping: 0.045300 ms MarkObjects: 2.625700 ms  DeleteObjects: 0.023500 ms)

AssetImportParameters requested are different than current active one (requested -> active):
  custom:framework-win-MediaFoundation: 216162199b28c13a410421893ffa2e32 -> 
  custom:video-decoder-ogg-theora: a1e56fd34408186e4bbccfd4996cb3dc -> 
  custom:container-muxer-webm: aa71ff27fc2769a1b78a27578f13a17b -> 
  custom:container-demuxer-webm: 4f35f7cbe854078d1ac9338744f61a02 -> 
  custom:container-demuxer-ogg: 62fdf1f143b41e24485cea50d1cbac27 -> 
  custom:video-encoder-webm-vp8: eb34c28f22e8b96e1ab97ce403110664 -> 
  custom:video-decoder-webm-vp8: 9c59270c3fd7afecdb556c50c9e8de78 -> 
  custom:audio-decoder-ogg-vorbis: bf7c407c2cedff20999df2af8eb42d56 -> 
  custom:audio-encoder-webm-vorbis: bf7c407c2cedff20999df2af8eb42d56 -> 
========================================================================
Received Import Request.
  Time since last request: 54.918242 seconds.
  path: Assets/Prefabs/Weapons/AutoCannons.prefab
  artifactKey: Guid(43c1be71611ae96418ba2c62ccb923fb) Importer(815301076,1909f56bfc062723c751e8b465ee728b)
Start importing Assets/Prefabs/Weapons/AutoCannons.prefab using Guid(43c1be71611ae96418ba2c62ccb923fb) Importer(815301076,1909f56bfc062723c751e8b465ee728b)  -> (artifact id: '5f9724e1161a9ed350a05e7d57bcd117') in 0.044667 seconds 
========================================================================
Received Prepare
Registering precompiled user dll's ...
Registered in 0.003205 seconds.
Begin MonoManager ReloadAssembly
Native extension for WindowsStandalone target not found
Native extension for WebGL target not found
Refreshing native plugins compatible for Editor in 0.57 ms, found 3 plugins.
Preloading 0 native plugins for Editor in 0.00 ms.
Mono: successfully reloaded assembly
- Completed reload, in  0.757 seconds
Domain Reload Profiling:
	ReloadAssembly (758ms)
		BeginReloadAssembly (99ms)
			ExecutionOrderSort (0ms)
			DisableScriptedObjects (4ms)
			BackupInstance (0ms)
			ReleaseScriptingObjects (0ms)
			CreateAndSetChildDomain (29ms)
		EndReloadAssembly (607ms)
			LoadAssemblies (81ms)
			RebuildTransferFunctionScriptingTraits (0ms)
			SetupTypeCache (207ms)
			ReleaseScriptCaches (1ms)
			RebuildScriptCaches (32ms)
			SetupLoadedEditorAssemblies (222ms)
				LogAssemblyErrors (0ms)
				InitializePlatformSupportModulesInManaged (4ms)
				SetLoadedEditorAssemblies (0ms)
				RefreshPlugins (1ms)
				BeforeProcessingInitializeOnLoad (71ms)
				ProcessInitializeOnLoadAttributes (131ms)
				ProcessInitializeOnLoadMethodAttributes (8ms)
				AfterProcessingInitializeOnLoad (7ms)
				EditorAssembliesLoaded (0ms)
			ExecutionOrderSort2 (0ms)
			AwakeInstancesAfterBackupRestoration (6ms)
Platform modules already initialized, skipping
Refreshing native plugins compatible for Editor in 0.50 ms, found 3 plugins.
Preloading 0 native plugins for Editor in 0.00 ms.
Unloading 2189 Unused Serialized files (Serialized files now loaded: 0)
System memory in use before: 98.6 MB.
System memory in use after: 98.7 MB.

Unloading 14 unused Assets to reduce memory usage. Loaded Objects now: 2649.
Total: 2.809800 ms (FindLiveObjects: 0.185800 ms CreateObjectMapping: 0.046900 ms MarkObjects: 2.552000 ms  DeleteObjects: 0.024300 ms)

AssetImportParameters requested are different than current active one (requested -> active):
  custom:framework-win-MediaFoundation: 216162199b28c13a410421893ffa2e32 -> 
  custom:video-decoder-ogg-theora: a1e56fd34408186e4bbccfd4996cb3dc -> 
  custom:container-muxer-webm: aa71ff27fc2769a1b78a27578f13a17b -> 
  custom:container-demuxer-webm: 4f35f7cbe854078d1ac9338744f61a02 -> 
  custom:container-demuxer-ogg: 62fdf1f143b41e24485cea50d1cbac27 -> 
  custom:video-encoder-webm-vp8: eb34c28f22e8b96e1ab97ce403110664 -> 
  custom:video-decoder-webm-vp8: 9c59270c3fd7afecdb556c50c9e8de78 -> 
  custom:audio-decoder-ogg-vorbis: bf7c407c2cedff20999df2af8eb42d56 -> 
  custom:audio-encoder-webm-vorbis: bf7c407c2cedff20999df2af8eb42d56 -> 
========================================================================
Received Prepare
Registering precompiled user dll's ...
Registered in 0.003079 seconds.
Begin MonoManager ReloadAssembly
Native extension for WindowsStandalone target not found
Native extension for WebGL target not found
Refreshing native plugins compatible for Editor in 0.58 ms, found 3 plugins.
Preloading 0 native plugins for Editor in 0.00 ms.
Mono: successfully reloaded assembly
- Completed reload, in  0.764 seconds
Domain Reload Profiling:
	ReloadAssembly (764ms)
		BeginReloadAssembly (100ms)
			ExecutionOrderSort (0ms)
			DisableScriptedObjects (5ms)
			BackupInstance (0ms)
			ReleaseScriptingObjects (0ms)
			CreateAndSetChildDomain (29ms)
		EndReloadAssembly (611ms)
			LoadAssemblies (82ms)
			RebuildTransferFunctionScriptingTraits (0ms)
			SetupTypeCache (206ms)
			ReleaseScriptCaches (1ms)
			RebuildScriptCaches (33ms)
			SetupLoadedEditorAssemblies (225ms)
				LogAssemblyErrors (0ms)
				InitializePlatformSupportModulesInManaged (4ms)
				SetLoadedEditorAssemblies (0ms)
				RefreshPlugins (1ms)
				BeforeProcessingInitializeOnLoad (72ms)
				ProcessInitializeOnLoadAttributes (133ms)
				ProcessInitializeOnLoadMethodAttributes (8ms)
				AfterProcessingInitializeOnLoad (7ms)
				EditorAssembliesLoaded (0ms)
			ExecutionOrderSort2 (0ms)
			AwakeInstancesAfterBackupRestoration (6ms)
Platform modules already initialized, skipping
Refreshing native plugins compatible for Editor in 0.45 ms, found 3 plugins.
Preloading 0 native plugins for Editor in 0.00 ms.
Unloading 2189 Unused Serialized files (Serialized files now loaded: 0)
System memory in use before: 98.6 MB.
System memory in use after: 98.7 MB.

Unloading 14 unused Assets to reduce memory usage. Loaded Objects now: 2651.
Total: 2.900400 ms (FindLiveObjects: 0.192700 ms CreateObjectMapping: 0.055000 ms MarkObjects: 2.628800 ms  DeleteObjects: 0.023100 ms)

AssetImportParameters requested are different than current active one (requested -> active):
  custom:framework-win-MediaFoundation: 216162199b28c13a410421893ffa2e32 -> 
  custom:video-decoder-ogg-theora: a1e56fd34408186e4bbccfd4996cb3dc -> 
  custom:container-muxer-webm: aa71ff27fc2769a1b78a27578f13a17b -> 
  custom:container-demuxer-webm: 4f35f7cbe854078d1ac9338744f61a02 -> 
  custom:container-demuxer-ogg: 62fdf1f143b41e24485cea50d1cbac27 -> 
  custom:video-encoder-webm-vp8: eb34c28f22e8b96e1ab97ce403110664 -> 
  custom:video-decoder-webm-vp8: 9c59270c3fd7afecdb556c50c9e8de78 -> 
  custom:audio-decoder-ogg-vorbis: bf7c407c2cedff20999df2af8eb42d56 -> 
  custom:audio-encoder-webm-vorbis: bf7c407c2cedff20999df2af8eb42d56 -> 
========================================================================
Received Prepare
Registering precompiled user dll's ...
Registered in 0.003055 seconds.
Begin MonoManager ReloadAssembly
Native extension for WindowsStandalone target not found
Native extension for WebGL target not found
Refreshing native plugins compatible for Editor in 0.58 ms, found 3 plugins.
Preloading 0 native plugins for Editor in 0.00 ms.
Mono: successfully reloaded assembly
- Completed reload, in  0.760 seconds
Domain Reload Profiling:
	ReloadAssembly (760ms)
		BeginReloadAssembly (100ms)
			ExecutionOrderSort (0ms)
			DisableScriptedObjects (5ms)
			BackupInstance (0ms)
			ReleaseScriptingObjects (0ms)
			CreateAndSetChildDomain (29ms)
		EndReloadAssembly (608ms)
			LoadAssemblies (81ms)
			RebuildTransferFunctionScriptingTraits (0ms)
			SetupTypeCache (208ms)
			ReleaseScriptCaches (1ms)
			RebuildScriptCaches (32ms)
			SetupLoadedEditorAssemblies (222ms)
				LogAssemblyErrors (0ms)
				InitializePlatformSupportModulesInManaged (4ms)
				SetLoadedEditorAssemblies (0ms)
				RefreshPlugins (1ms)
				BeforeProcessingInitializeOnLoad (71ms)
				ProcessInitializeOnLoadAttributes (131ms)
				ProcessInitializeOnLoadMethodAttributes (8ms)
				AfterProcessingInitializeOnLoad (7ms)
				EditorAssembliesLoaded (0ms)
			ExecutionOrderSort2 (0ms)
			AwakeInstancesAfterBackupRestoration (6ms)
Platform modules already initialized, skipping
Refreshing native plugins compatible for Editor in 0.64 ms, found 3 plugins.
Preloading 0 native plugins for Editor in 0.00 ms.
Unloading 2189 Unused Serialized files (Serialized files now loaded: 0)
System memory in use before: 98.6 MB.
System memory in use after: 98.7 MB.

Unloading 14 unused Assets to reduce memory usage. Loaded Objects now: 2653.
Total: 3.125000 ms (FindLiveObjects: 0.221000 ms CreateObjectMapping: 0.049100 ms MarkObjects: 2.827200 ms  DeleteObjects: 0.026200 ms)

AssetImportParameters requested are different than current active one (requested -> active):
  custom:framework-win-MediaFoundation: 216162199b28c13a410421893ffa2e32 -> 
  custom:video-decoder-ogg-theora: a1e56fd34408186e4bbccfd4996cb3dc -> 
  custom:container-muxer-webm: aa71ff27fc2769a1b78a27578f13a17b -> 
  custom:container-demuxer-webm: 4f35f7cbe854078d1ac9338744f61a02 -> 
  custom:container-demuxer-ogg: 62fdf1f143b41e24485cea50d1cbac27 -> 
  custom:video-encoder-webm-vp8: eb34c28f22e8b96e1ab97ce403110664 -> 
  custom:video-decoder-webm-vp8: 9c59270c3fd7afecdb556c50c9e8de78 -> 
  custom:audio-decoder-ogg-vorbis: bf7c407c2cedff20999df2af8eb42d56 -> 
  custom:audio-encoder-webm-vorbis: bf7c407c2cedff20999df2af8eb42d56 -> 
========================================================================
Received Prepare
Registering precompiled user dll's ...
Registered in 0.002984 seconds.
Begin MonoManager ReloadAssembly
Native extension for WindowsStandalone target not found
Native extension for WebGL target not found
Refreshing native plugins compatible for Editor in 0.57 ms, found 3 plugins.
Preloading 0 native plugins for Editor in 0.00 ms.
Mono: successfully reloaded assembly
- Completed reload, in  0.752 seconds
Domain Reload Profiling:
	ReloadAssembly (753ms)
		BeginReloadAssembly (98ms)
			ExecutionOrderSort (0ms)
			DisableScriptedObjects (4ms)
			BackupInstance (0ms)
			ReleaseScriptingObjects (0ms)
			CreateAndSetChildDomain (27ms)
		EndReloadAssembly (603ms)
			LoadAssemblies (82ms)
			RebuildTransferFunctionScriptingTraits (0ms)
			SetupTypeCache (204ms)
			ReleaseScriptCaches (1ms)
			RebuildScriptCaches (32ms)
			SetupLoadedEditorAssemblies (219ms)
				LogAssemblyErrors (0ms)
				InitializePlatformSupportModulesInManaged (4ms)
				SetLoadedEditorAssemblies (0ms)
				RefreshPlugins (1ms)
				BeforeProcessingInitializeOnLoad (70ms)
				ProcessInitializeOnLoadAttributes (130ms)
				ProcessInitializeOnLoadMethodAttributes (8ms)
				AfterProcessingInitializeOnLoad (7ms)
				EditorAssembliesLoaded (0ms)
			ExecutionOrderSort2 (0ms)
			AwakeInstancesAfterBackupRestoration (6ms)
Platform modules already initialized, skipping
Refreshing native plugins compatible for Editor in 0.55 ms, found 3 plugins.
Preloading 0 native plugins for Editor in 0.00 ms.
Unloading 2189 Unused Serialized files (Serialized files now loaded: 0)
System memory in use before: 98.6 MB.
System memory in use after: 98.7 MB.

Unloading 14 unused Assets to reduce memory usage. Loaded Objects now: 2655.
Total: 2.670100 ms (FindLiveObjects: 0.190200 ms CreateObjectMapping: 0.053700 ms MarkObjects: 2.410100 ms  DeleteObjects: 0.015300 ms)

AssetImportParameters requested are different than current active one (requested -> active):
  custom:framework-win-MediaFoundation: 216162199b28c13a410421893ffa2e32 -> 
  custom:video-decoder-ogg-theora: a1e56fd34408186e4bbccfd4996cb3dc -> 
  custom:container-muxer-webm: aa71ff27fc2769a1b78a27578f13a17b -> 
  custom:container-demuxer-webm: 4f35f7cbe854078d1ac9338744f61a02 -> 
  custom:container-demuxer-ogg: 62fdf1f143b41e24485cea50d1cbac27 -> 
  custom:video-encoder-webm-vp8: eb34c28f22e8b96e1ab97ce403110664 -> 
  custom:video-decoder-webm-vp8: 9c59270c3fd7afecdb556c50c9e8de78 -> 
  custom:audio-decoder-ogg-vorbis: bf7c407c2cedff20999df2af8eb42d56 -> 
  custom:audio-encoder-webm-vorbis: bf7c407c2cedff20999df2af8eb42d56 -> 
========================================================================
Received Import Request.
  Time since last request: 84.662886 seconds.
  path: Assets/Prefabs/Weapons/AutoCannons.prefab
  artifactKey: Guid(43c1be71611ae96418ba2c62ccb923fb) Importer(815301076,1909f56bfc062723c751e8b465ee728b)
Start importing Assets/Prefabs/Weapons/AutoCannons.prefab using Guid(43c1be71611ae96418ba2c62ccb923fb) Importer(815301076,1909f56bfc062723c751e8b465ee728b)  -> (artifact id: '4cf5860ad75571350dca942568d2a131') in 0.044879 seconds 
========================================================================
Received Import Request.
  Time since last request: 24.526649 seconds.
  path: Assets/Art/Enviornment/Backgrounds/PNGs
  artifactKey: Guid(636b14082d098a246b529c9b86ddbdc3) Importer(815301076,1909f56bfc062723c751e8b465ee728b)
Start importing Assets/Art/Enviornment/Backgrounds/PNGs using Guid(636b14082d098a246b529c9b86ddbdc3) Importer(815301076,1909f56bfc062723c751e8b465ee728b)  -> (artifact id: 'c20b8b2c2f9360a4a2f15cda235bf827') in 0.002766 seconds 
========================================================================
Received Import Request.
  Time since last request: 1.506148 seconds.
  path: Assets/Art/Enviornment/Backgrounds/PNGs/Condesed
  artifactKey: Guid(f4658ee2f4fffc04881c122223ae833c) Importer(815301076,1909f56bfc062723c751e8b465ee728b)
Start importing Assets/Art/Enviornment/Backgrounds/PNGs/Condesed using Guid(f4658ee2f4fffc04881c122223ae833c) Importer(815301076,1909f56bfc062723c751e8b465ee728b)  -> (artifact id: '25e9aaac83b5ef55bc0feadd42ebfc68') in 0.007014 seconds 
========================================================================
Received Import Request.
  Time since last request: 0.060498 seconds.
  path: Assets/Art/Enviornment/Backgrounds/PNGs/Condesed/Starry background  - Layer 01 - Void.png
  artifactKey: Guid(1e5969cfa656aad4b974d077db142499) Importer(815301076,1909f56bfc062723c751e8b465ee728b)
Start importing Assets/Art/Enviornment/Backgrounds/PNGs/Condesed/Starry background  - Layer 01 - Void.png using Guid(1e5969cfa656aad4b974d077db142499) Importer(815301076,1909f56bfc062723c751e8b465ee728b)  -> (artifact id: '153f5a87b3ef5fde78351ab07697de2c') in 0.057146 seconds 
========================================================================
Received Import Request.
  Time since last request: 0.000123 seconds.
  path: Assets/Art/Enviornment/Backgrounds/PNGs/Condesed/Starry background  - Layer 03 - Stars.png
  artifactKey: Guid(5f9f8cbd687d26a4598a42297b6d487e) Importer(815301076,1909f56bfc062723c751e8b465ee728b)
Start importing Assets/Art/Enviornment/Backgrounds/PNGs/Condesed/Starry background  - Layer 03 - Stars.png using Guid(5f9f8cbd687d26a4598a42297b6d487e) Importer(815301076,1909f56bfc062723c751e8b465ee728b)  -> (artifact id: '2be0e55c9244f0dd86dd68494ee26299') in 0.013406 seconds 
========================================================================
Received Import Request.
  Time since last request: 0.000123 seconds.
  path: Assets/Art/Enviornment/Backgrounds/PNGs/Condesed/Starry background  - Layer 02 - Stars.png
  artifactKey: Guid(915817ed3a1d2e94c93dc687e1c59aa5) Importer(815301076,1909f56bfc062723c751e8b465ee728b)
Start importing Assets/Art/Enviornment/Backgrounds/PNGs/Condesed/Starry background  - Layer 02 - Stars.png using Guid(915817ed3a1d2e94c93dc687e1c59aa5) Importer(815301076,1909f56bfc062723c751e8b465ee728b)  -> (artifact id: 'd8c2f3c765487860826804c6d22d6734') in 0.014026 seconds 
========================================================================
Received Import Request.
  Time since last request: 8.092124 seconds.
  path: Assets/Art/Enviornment/Backgrounds/PNGs/Split up
  artifactKey: Guid(06006b9e74edd1f43b0066d729367002) Importer(815301076,1909f56bfc062723c751e8b465ee728b)
Start importing Assets/Art/Enviornment/Backgrounds/PNGs/Split up using Guid(06006b9e74edd1f43b0066d729367002) Importer(815301076,1909f56bfc062723c751e8b465ee728b)  -> (artifact id: 'f643720b3975c2e3fd28a3b304fa4b8d') in 0.007400 seconds 
========================================================================
Received Import Request.
  Time since last request: 0.031245 seconds.
  path: Assets/Art/Enviornment/Backgrounds/PNGs/Split up/Starry background  - Layer 01 - Solid colour.png
  artifactKey: Guid(237b3d13c6f9ffd4d839749c7612db31) Importer(815301076,1909f56bfc062723c751e8b465ee728b)
Start importing Assets/Art/Enviornment/Backgrounds/PNGs/Split up/Starry background  - Layer 01 - Solid colour.png using Guid(237b3d13c6f9ffd4d839749c7612db31) Importer(815301076,1909f56bfc062723c751e8b465ee728b)  -> (artifact id: '1a96ca14109961a5690976ddc4272552') in 0.014060 seconds 
========================================================================
Received Import Request.
  Time since last request: 0.000130 seconds.
  path: Assets/Art/Enviornment/Backgrounds/PNGs/Split up/Starry background  - Layer 02 - Shadows 2.png
  artifactKey: Guid(f0dcf292af493cc45b64b4f6a23977de) Importer(815301076,1909f56bfc062723c751e8b465ee728b)
Start importing Assets/Art/Enviornment/Backgrounds/PNGs/Split up/Starry background  - Layer 02 - Shadows 2.png using Guid(f0dcf292af493cc45b64b4f6a23977de) Importer(815301076,1909f56bfc062723c751e8b465ee728b)  -> (artifact id: '9c674959e7c60c1e1f029fbb1deae2fc') in 0.017720 seconds 
========================================================================
Received Import Request.
  Time since last request: 0.000131 seconds.
  path: Assets/Art/Enviornment/Backgrounds/PNGs/Split up/Starry background  - Layer 03 - Stars.png
  artifactKey: Guid(40806f7aba3141f41b214b4cf7bf245b) Importer(815301076,1909f56bfc062723c751e8b465ee728b)
Start importing Assets/Art/Enviornment/Backgrounds/PNGs/Split up/Starry background  - Layer 03 - Stars.png using Guid(40806f7aba3141f41b214b4cf7bf245b) Importer(815301076,1909f56bfc062723c751e8b465ee728b)  -> (artifact id: 'b77c3a4f8b69c739e6cd49d10e1062f7') in 0.012772 seconds 
========================================================================
Received Import Request.
  Time since last request: 0.000135 seconds.
  path: Assets/Art/Enviornment/Backgrounds/PNGs/Split up/Starry background  - Layer 03 - Stars 2.png
  artifactKey: Guid(41ed484f173983147a39226de300e0ff) Importer(815301076,1909f56bfc062723c751e8b465ee728b)
Start importing Assets/Art/Enviornment/Backgrounds/PNGs/Split up/Starry background  - Layer 03 - Stars 2.png using Guid(41ed484f173983147a39226de300e0ff) Importer(815301076,1909f56bfc062723c751e8b465ee728b)  -> (artifact id: '4482fb4c3306474defbc557c6f80fd00') in 0.012252 seconds 
========================================================================
Received Import Request.
  Time since last request: 0.000170 seconds.
  path: Assets/Art/Enviornment/Backgrounds/PNGs/Split up/Starry background - Layer X - Big Star 2.png
  artifactKey: Guid(ff8aee4035481754abde41bae1023693) Importer(815301076,1909f56bfc062723c751e8b465ee728b)
Start importing Assets/Art/Enviornment/Backgrounds/PNGs/Split up/Starry background - Layer X - Big Star 2.png using Guid(ff8aee4035481754abde41bae1023693) Importer(815301076,1909f56bfc062723c751e8b465ee728b)  -> (artifact id: '89e4a029914f9c2c829329b3f9be7eeb') in 0.011132 seconds 
========================================================================
Received Import Request.
  Time since last request: 0.000143 seconds.
  path: Assets/Art/Enviornment/Backgrounds/PNGs/Split up/Starry background - Layer X -Black hole.png
  artifactKey: Guid(eca5ee67222a85f428feab1baa182348) Importer(815301076,1909f56bfc062723c751e8b465ee728b)
Start importing Assets/Art/Enviornment/Backgrounds/PNGs/Split up/Starry background - Layer X -Black hole.png using Guid(eca5ee67222a85f428feab1baa182348) Importer(815301076,1909f56bfc062723c751e8b465ee728b)  -> (artifact id: '065af47649d8cc8799ba795fa1bac2f8') in 0.011788 seconds 
========================================================================
Received Import Request.
  Time since last request: 0.000133 seconds.
  path: Assets/Art/Enviornment/Backgrounds/PNGs/Split up/Starry background - Layer X -Rotary Star 2.png
  artifactKey: Guid(9658a29b8f0d2e940abad3a07e49c18d) Importer(815301076,1909f56bfc062723c751e8b465ee728b)
Start importing Assets/Art/Enviornment/Backgrounds/PNGs/Split up/Starry background - Layer X -Rotary Star 2.png using Guid(9658a29b8f0d2e940abad3a07e49c18d) Importer(815301076,1909f56bfc062723c751e8b465ee728b)  -> (artifact id: '3f71108d0291614cda1018615274daa8') in 0.012352 seconds 
========================================================================
Received Import Request.
  Time since last request: 0.000123 seconds.
  path: Assets/Art/Enviornment/Backgrounds/PNGs/Split up/Starry background - Layer X -Rotary Star.png
  artifactKey: Guid(82bc7510babe2bb4ab8a37c1fa50e658) Importer(815301076,1909f56bfc062723c751e8b465ee728b)
Start importing Assets/Art/Enviornment/Backgrounds/PNGs/Split up/Starry background - Layer X -Rotary Star.png using Guid(82bc7510babe2bb4ab8a37c1fa50e658) Importer(815301076,1909f56bfc062723c751e8b465ee728b)  -> (artifact id: 'a2f65e259b78956704f5067662d2053f') in 0.011942 seconds 
========================================================================
Received Import Request.
  Time since last request: 0.000162 seconds.
  path: Assets/Art/Enviornment/Backgrounds/PNGs/Split up/Starry background - Layer X - Big Star.png
  artifactKey: Guid(dcdf1be4ed589454791775f44ebfdf52) Importer(815301076,1909f56bfc062723c751e8b465ee728b)
Start importing Assets/Art/Enviornment/Backgrounds/PNGs/Split up/Starry background - Layer X - Big Star.png using Guid(dcdf1be4ed589454791775f44ebfdf52) Importer(815301076,1909f56bfc062723c751e8b465ee728b)  -> (artifact id: '8105c4cadff0d93e5e97077553953809') in 0.011364 seconds 
========================================================================
Received Import Request.
  Time since last request: 0.000151 seconds.
  path: Assets/Art/Enviornment/Backgrounds/PNGs/Split up/Starry background  - Layer 02 - Shadows.png
  artifactKey: Guid(5111acf26a19f3240a66a4b1d9f54220) Importer(815301076,1909f56bfc062723c751e8b465ee728b)
Start importing Assets/Art/Enviornment/Backgrounds/PNGs/Split up/Starry background  - Layer 02 - Shadows.png using Guid(5111acf26a19f3240a66a4b1d9f54220) Importer(815301076,1909f56bfc062723c751e8b465ee728b)  -> (artifact id: '309e8c40b71fb1ab53698a4e7aeeda3f') in 0.012160 seconds 
========================================================================
Received Import Request.
  Time since last request: 352.789598 seconds.
  path: ProjectSettings/TagManager.asset
  artifactKey: Guid(00000000000000003000000000000000) Importer(815301076,1909f56bfc062723c751e8b465ee728b)
Start importing ProjectSettings/TagManager.asset using Guid(00000000000000003000000000000000) Importer(815301076,1909f56bfc062723c751e8b465ee728b)  -> (artifact id: 'bf825c1ea87fda21cd119bf1f0680028') in 0.008930 seconds 
========================================================================
Received Prepare
Registering precompiled user dll's ...
Registered in 0.003613 seconds.
Begin MonoManager ReloadAssembly
Native extension for WindowsStandalone target not found
Native extension for WebGL target not found
Refreshing native plugins compatible for Editor in 0.56 ms, found 3 plugins.
Preloading 0 native plugins for Editor in 0.00 ms.
Mono: successfully reloaded assembly
- Completed reload, in  0.751 seconds
Domain Reload Profiling:
	ReloadAssembly (751ms)
		BeginReloadAssembly (99ms)
			ExecutionOrderSort (0ms)
			DisableScriptedObjects (4ms)
			BackupInstance (0ms)
			ReleaseScriptingObjects (0ms)
			CreateAndSetChildDomain (28ms)
		EndReloadAssembly (602ms)
			LoadAssemblies (81ms)
			RebuildTransferFunctionScriptingTraits (0ms)
			SetupTypeCache (205ms)
			ReleaseScriptCaches (1ms)
			RebuildScriptCaches (32ms)
			SetupLoadedEditorAssemblies (220ms)
				LogAssemblyErrors (0ms)
				InitializePlatformSupportModulesInManaged (4ms)
				SetLoadedEditorAssemblies (0ms)
				RefreshPlugins (1ms)
				BeforeProcessingInitializeOnLoad (71ms)
				ProcessInitializeOnLoadAttributes (130ms)
				ProcessInitializeOnLoadMethodAttributes (8ms)
				AfterProcessingInitializeOnLoad (7ms)
				EditorAssembliesLoaded (0ms)
			ExecutionOrderSort2 (0ms)
			AwakeInstancesAfterBackupRestoration (6ms)
Platform modules already initialized, skipping
Refreshing native plugins compatible for Editor in 0.45 ms, found 3 plugins.
Preloading 0 native plugins for Editor in 0.00 ms.
Unloading 2189 Unused Serialized files (Serialized files now loaded: 0)
System memory in use before: 98.7 MB.
System memory in use after: 98.8 MB.

Unloading 15 unused Assets to reduce memory usage. Loaded Objects now: 2661.
Total: 2.665000 ms (FindLiveObjects: 0.192800 ms CreateObjectMapping: 0.045100 ms MarkObjects: 2.409600 ms  DeleteObjects: 0.016700 ms)

AssetImportParameters requested are different than current active one (requested -> active):
  custom:framework-win-MediaFoundation: 216162199b28c13a410421893ffa2e32 -> 
  custom:video-decoder-ogg-theora: a1e56fd34408186e4bbccfd4996cb3dc -> 
  custom:container-muxer-webm: aa71ff27fc2769a1b78a27578f13a17b -> 
  custom:container-demuxer-webm: 4f35f7cbe854078d1ac9338744f61a02 -> 
  custom:container-demuxer-ogg: 62fdf1f143b41e24485cea50d1cbac27 -> 
  custom:video-encoder-webm-vp8: eb34c28f22e8b96e1ab97ce403110664 -> 
  custom:video-decoder-webm-vp8: 9c59270c3fd7afecdb556c50c9e8de78 -> 
  custom:audio-decoder-ogg-vorbis: bf7c407c2cedff20999df2af8eb42d56 -> 
  custom:audio-encoder-webm-vorbis: bf7c407c2cedff20999df2af8eb42d56 -> 
========================================================================
Received Prepare
Registering precompiled user dll's ...
Registered in 0.003087 seconds.
Begin MonoManager ReloadAssembly
Native extension for WindowsStandalone target not found
Native extension for WebGL target not found
Refreshing native plugins compatible for Editor in 0.57 ms, found 3 plugins.
Preloading 0 native plugins for Editor in 0.00 ms.
Mono: successfully reloaded assembly
- Completed reload, in  0.747 seconds
Domain Reload Profiling:
	ReloadAssembly (747ms)
		BeginReloadAssembly (97ms)
			ExecutionOrderSort (0ms)
			DisableScriptedObjects (5ms)
			BackupInstance (0ms)
			ReleaseScriptingObjects (0ms)
			CreateAndSetChildDomain (27ms)
		EndReloadAssembly (600ms)
			LoadAssemblies (80ms)
			RebuildTransferFunctionScriptingTraits (0ms)
			SetupTypeCache (204ms)
			ReleaseScriptCaches (1ms)
			RebuildScriptCaches (32ms)
			SetupLoadedEditorAssemblies (220ms)
				LogAssemblyErrors (0ms)
				InitializePlatformSupportModulesInManaged (4ms)
				SetLoadedEditorAssemblies (0ms)
				RefreshPlugins (1ms)
				BeforeProcessingInitializeOnLoad (71ms)
				ProcessInitializeOnLoadAttributes (129ms)
				ProcessInitializeOnLoadMethodAttributes (8ms)
				AfterProcessingInitializeOnLoad (7ms)
				EditorAssembliesLoaded (0ms)
			ExecutionOrderSort2 (0ms)
			AwakeInstancesAfterBackupRestoration (6ms)
Platform modules already initialized, skipping
Refreshing native plugins compatible for Editor in 0.81 ms, found 3 plugins.
Preloading 0 native plugins for Editor in 0.00 ms.
Unloading 2189 Unused Serialized files (Serialized files now loaded: 0)
System memory in use before: 98.7 MB.
System memory in use after: 98.8 MB.

Unloading 14 unused Assets to reduce memory usage. Loaded Objects now: 2663.
Total: 2.714500 ms (FindLiveObjects: 0.210400 ms CreateObjectMapping: 0.055500 ms MarkObjects: 2.430100 ms  DeleteObjects: 0.017800 ms)

AssetImportParameters requested are different than current active one (requested -> active):
  custom:framework-win-MediaFoundation: 216162199b28c13a410421893ffa2e32 -> 
  custom:video-decoder-ogg-theora: a1e56fd34408186e4bbccfd4996cb3dc -> 
  custom:container-muxer-webm: aa71ff27fc2769a1b78a27578f13a17b -> 
  custom:container-demuxer-webm: 4f35f7cbe854078d1ac9338744f61a02 -> 
  custom:container-demuxer-ogg: 62fdf1f143b41e24485cea50d1cbac27 -> 
  custom:video-encoder-webm-vp8: eb34c28f22e8b96e1ab97ce403110664 -> 
  custom:video-decoder-webm-vp8: 9c59270c3fd7afecdb556c50c9e8de78 -> 
  custom:audio-decoder-ogg-vorbis: bf7c407c2cedff20999df2af8eb42d56 -> 
  custom:audio-encoder-webm-vorbis: bf7c407c2cedff20999df2af8eb42d56 -> 
AssetImportWorkerClient::OnTransportError - code=2 error=End of file
